     
90.00 38.00 2988332 0.00 4.00 game
1.00 0.00 2988332 0.00 0.00 subgame
0.00 0.00 2988332 0.00 4.00 sublog_f
0.00 19.00 2988332 0.00 0.00 subtimer
0.00 0.00 2988332 0.00 0.00 subnet
0.00 0.00 2988332 0.00 0.00 subconnector
16.00 5.00 2988332 0.00 0.00 sub0-M
25.00 5.00 2988332 0.00 0.00 sub1-B
26.00 4.00 2988332 0.00 0.00 sub2-B
19.00 5.00 2988332 0.00 0.00 sub3-B
3.00 0.00 2988332 0.00 0.00 subroi
99.00 51.00 2988456 0.00 0.00 game
1.00 0.00 2988456 0.00 0.00 subgame
0.00 0.00 2988456 0.00 0.00 sublog_f
0.00 19.00 2988456 0.00 0.00 subtimer
0.00 0.00 2988456 0.00 0.00 subnet
0.00 0.00 2988456 0.00 0.00 subconnector
19.00 15.00 2988456 0.00 0.00 sub0-M
27.00 5.00 2988456 0.00 0.00 sub1-B
24.00 5.00 2988456 0.00 0.00 sub2-B
26.00 5.00 2988456 0.00 0.00 sub3-B
3.00 2.00 2988456 0.00 0.00 subroi
90.00 40.00 2988400 0.00 4.00 game
0.00 0.00 2988400 0.00 0.00 subgame
0.00 0.00 2988400 0.00 4.00 sublog_f
0.00 20.00 2988400 0.00 0.00 subtimer
0.00 0.00 2988400 0.00 0.00 subnet
0.00 0.00 2988400 0.00 0.00 subconnector
16.00 5.00 2988400 0.00 0.00 sub0-M
22.00 5.00 2988400 0.00 0.00 sub1-B
20.00 5.00 2988400 0.00 0.00 sub2-B
26.00 5.00 2988400 0.00 0.00 sub3-B
4.00 0.00 2988400 0.00 0.00 subroi
85.00 39.00 2988284 0.00 4.00 game
1.00 0.00 2988284 0.00 0.00 subgame
0.00 0.00 2988284 0.00 4.00 sublog_f
1.00 19.00 2988284 0.00 0.00 subtimer
0.00 0.00 2988284 0.00 0.00 subnet
0.00 0.00 2988284 0.00 0.00 subconnector
17.00 5.00 2988284 0.00 0.00 sub0-M
19.00 5.00 2988284 0.00 0.00 sub1-B
21.00 5.00 2988284 0.00 0.00 sub2-B
23.00 5.00 2988284 0.00 0.00 sub3-B
3.00 0.00 2988284 0.00 0.00 subroi
87.00 40.00 2988232 0.00 0.00 game
1.00 0.00 2988232 0.00 0.00 subgame
0.00 0.00 2988232 0.00 0.00 sublog_f
0.00 20.00 2988232 0.00 0.00 subtimer
0.00 0.00 2988232 0.00 0.00 subnet
0.00 0.00 2988232 0.00 0.00 subconnector
17.00 5.00 2988232 0.00 0.00 sub0-M
24.00 5.00 2988232 0.00 0.00 sub1-B
25.00 5.00 2988232 0.00 0.00 sub2-B
18.00 5.00 2988232 0.00 0.00 sub3-B
4.00 0.00 2988232 0.00 0.00 subroi
102.00 44.00 2988680 0.00 4.00 game
0.00 0.00 2988680 0.00 0.00 subgame
0.00 0.00 2988680 0.00 4.00 sublog_f
0.00 18.00 2988680 0.00 0.00 subtimer
0.00 0.00 2988680 0.00 0.00 subnet
0.00 0.00 2988680 0.00 0.00 subconnector
23.00 10.00 2988680 0.00 0.00 sub0-M
24.00 5.00 2988680 0.00 0.00 sub1-B
26.00 5.00 2988680 0.00 0.00 sub2-B
24.00 5.00 2988680 0.00 0.00 sub3-B
3.00 1.00 2988680 0.00 0.00 subroi
94.00 39.00 2988608 0.00 0.00 game
1.00 0.00 2988608 0.00 0.00 subgame
0.00 0.00 2988608 0.00 0.00 sublog_f
0.00 19.00 2988608 0.00 0.00 subtimer
0.00 0.00 2988608 0.00 0.00 subnet
0.00 0.00 2988608 0.00 0.00 subconnector
18.00 5.00 2988608 0.00 0.00 sub0-M
24.00 5.00 2988608 0.00 0.00 sub1-B
22.00 5.00 2988608 0.00 0.00 sub2-B
25.00 5.00 2988608 0.00 0.00 sub3-B
3.00 0.00 2988608 0.00 0.00 subroi
89.00 32.00 2988420 0.00 8.00 game
1.00 0.00 2988420 0.00 0.00 subgame
0.00 0.00 2988420 0.00 8.00 sublog_f
0.00 18.00 2988420 0.00 0.00 subtimer
0.00 0.00 2988420 0.00 0.00 subnet
0.00 0.00 2988420 0.00 0.00 subconnector
22.00 0.00 2988420 0.00 0.00 sub0-M
20.00 5.00 2988420 0.00 0.00 sub1-B
19.00 5.00 2988420 0.00 0.00 sub2-B
24.00 4.00 2988420 0.00 0.00 sub3-B
3.00 0.00 2988420 0.00 0.00 subroi
93.00 38.00 2988300 0.00 0.00 game
1.00 0.00 2988300 0.00 0.00 subgame
0.00 0.00 2988300 0.00 0.00 sublog_f
0.00 18.00 2988300 0.00 0.00 subtimer
0.00 0.00 2988300 0.00 0.00 subnet
0.00 0.00 2988300 0.00 0.00 subconnector
21.00 5.00 2988300 0.00 0.00 sub0-M
21.00 5.00 2988300 0.00 0.00 sub1-B
25.00 5.00 2988300 0.00 0.00 sub2-B
22.00 5.00 2988300 0.00 0.00 sub3-B
4.00 0.00 2988300 0.00 0.00 subroi
95.00 39.00 2988528 0.00 0.00 game
0.00 0.00 2988528 0.00 0.00 subgame
0.00 0.00 2988528 0.00 0.00 sublog_f
1.00 19.00 2988528 0.00 0.00 subtimer
0.00 0.00 2988528 0.00 0.00 subnet
0.00 0.00 2988528 0.00 0.00 subconnector
20.00 5.00 2988528 0.00 0.00 sub0-M
25.00 5.00 2988528 0.00 0.00 sub1-B
25.00 5.00 2988528 0.00 0.00 sub2-B
20.00 5.00 2988528 0.00 0.00 sub3-B
4.00 0.00 2988528 0.00 0.00 subroi
101.00 45.00 2988524 0.00 4.00 game
1.00 0.00 2988524 0.00 0.00 subgame
0.00 0.00 2988524 0.00 4.00 sublog_f
1.00 19.00 2988524 0.00 0.00 subtimer
0.00 0.00 2988524 0.00 0.00 subnet
0.00 0.00 2988524 0.00 0.00 subconnector
21.00 10.00 2988524 0.00 0.00 sub0-M
26.00 5.00 2988524 0.00 0.00 sub1-B
25.00 5.00 2988524 0.00 0.00 sub2-B
25.00 5.00 2988524 0.00 0.00 sub3-B
3.00 1.00 2988524 0.00 0.00 subroi
94.00 40.00 2988456 0.00 4.00 game
1.00 0.00 2988456 0.00 0.00 subgame
0.00 0.00 2988456 0.00 4.00 sublog_f
0.00 20.00 2988456 0.00 0.00 subtimer
0.00 0.00 2988456 0.00 0.00 subnet
0.00 0.00 2988456 0.00 0.00 subconnector
21.00 5.00 2988456 0.00 0.00 sub0-M
23.00 5.00 2988456 0.00 0.00 sub1-B
22.00 5.00 2988456 0.00 0.00 sub2-B
25.00 5.00 2988456 0.00 0.00 sub3-B
3.00 0.00 2988456 0.00 0.00 subroi
88.00 39.00 2988324 0.00 4.00 game
1.00 0.00 2988324 0.00 0.00 subgame
0.00 0.00 2988324 0.00 4.00 sublog_f
0.00 19.00 2988324 0.00 0.00 subtimer
0.00 0.00 2988324 0.00 0.00 subnet
0.00 0.00 2988324 0.00 0.00 subconnector
18.00 5.00 2988324 0.00 0.00 sub0-M
20.00 5.00 2988324 0.00 0.00 sub1-B
21.00 5.00 2988324 0.00 0.00 sub2-B
24.00 5.00 2988324 0.00 0.00 sub3-B
4.00 0.00 2988324 0.00 0.00 subroi
105.00 38.00 2988224 0.00 0.00 game
0.00 0.00 2988224 0.00 0.00 subgame
0.00 0.00 2988224 0.00 0.00 sublog_f
0.00 18.00 2988224 0.00 0.00 subtimer
0.00 0.00 2988224 0.00 0.00 subnet
0.00 0.00 2988224 0.00 0.00 subconnector
31.00 5.00 2988224 0.00 0.00 sub0-M
23.00 5.00 2988224 0.00 0.00 sub1-B
25.00 5.00 2988224 0.00 0.00 sub2-B
22.00 5.00 2988224 0.00 0.00 sub3-B
3.00 0.00 2988224 0.00 0.00 subroi
94.00 49.00 2988180 0.00 8.00 game
1.00 0.00 2988180 0.00 0.00 subgame
0.00 0.00 2988180 0.00 8.00 sublog_f
0.00 19.00 2988180 0.00 0.00 subtimer
0.00 0.00 2988180 0.00 0.00 subnet
0.00 0.00 2988180 0.00 0.00 subconnector
18.00 15.00 2988180 0.00 0.00 sub0-M
26.00 5.00 2988180 0.00 0.00 sub1-B
26.00 5.00 2988180 0.00 0.00 sub2-B
19.00 4.00 2988180 0.00 0.00 sub3-B
4.00 1.00 2988180 0.00 0.00 subroi
103.00 45.00 2988588 0.00 0.00 game
1.00 0.00 2988588 0.00 0.00 subgame
0.00 0.00 2988588 0.00 0.00 sublog_f
0.00 19.00 2988588 0.00 0.00 subtimer
0.00 0.00 2988588 0.00 0.00 subnet
0.00 0.00 2988588 0.00 0.00 subconnector
28.00 10.00 2988588 0.00 0.00 sub0-M
24.00 5.00 2988588 0.00 0.00 sub1-B
22.00 5.00 2988588 0.00 0.00 sub2-B
25.00 5.00 2988588 0.00 0.00 sub3-B
3.00 1.00 2988588 0.00 0.00 subroi
88.00 39.00 2988492 0.00 0.00 game
0.00 0.00 2988492 0.00 0.00 subgame
0.00 0.00 2988492 0.00 0.00 sublog_f
0.00 19.00 2988492 0.00 0.00 subtimer
0.00 0.00 2988492 0.00 0.00 subnet
0.00 0.00 2988492 0.00 0.00 subconnector
17.00 5.00 2988492 0.00 0.00 sub0-M
21.00 5.00 2988492 0.00 0.00 sub1-B
19.00 5.00 2988492 0.00 0.00 sub2-B
27.00 5.00 2988492 0.00 0.00 sub3-B
4.00 0.00 2988492 0.00 0.00 subroi
102.00 39.00 2988436 0.00 4.00 game
1.00 0.00 2988436 0.00 0.00 subgame
0.00 0.00 2988436 0.00 4.00 sublog_f
1.00 19.00 2988436 0.00 0.00 subtimer
0.00 0.00 2988436 0.00 0.00 subnet
0.00 0.00 2988436 0.00 0.00 subconnector
30.00 5.00 2988436 0.00 0.00 sub0-M
20.00 5.00 2988436 0.00 0.00 sub1-B
25.00 5.00 2988436 0.00 0.00 sub2-B
23.00 5.00 2988436 0.00 0.00 sub3-B
3.00 0.00 2988436 0.00 0.00 subroi
90.00 38.00 2988420 0.00 4.00 game
1.00 0.00 2988420 0.00 0.00 subgame
0.00 0.00 2988420 0.00 4.00 sublog_f
0.00 18.00 2988420 0.00 0.00 subtimer
0.00 0.00 2988420 0.00 0.00 subnet
0.00 0.00 2988420 0.00 0.00 subconnector
15.00 5.00 2988420 0.00 0.00 sub0-M
25.00 5.00 2988420 0.00 0.00 sub1-B
26.00 5.00 2988420 0.00 0.00 sub2-B
19.00 5.00 2988420 0.00 0.00 sub3-B
3.00 0.00 2988420 0.00 0.00 subroi
108.00 41.00 2988552 0.00 0.00 game
1.00 0.00 2988552 0.00 0.00 subgame
0.00 0.00 2988552 0.00 0.00 sublog_f
0.00 21.00 2988552 0.00 0.00 subtimer
0.00 0.00 2988552 0.00 0.00 subnet
0.00 0.00 2988552 0.00 0.00 subconnector
33.00 5.00 2988552 0.00 0.00 sub0-M
26.00 5.00 2988552 0.00 0.00 sub1-B
22.00 5.00 2988552 0.00 0.00 sub2-B
23.00 5.00 2988552 0.00 0.00 sub3-B
3.00 0.00 2988552 0.00 0.00 subroi
97.00 45.00 2988496 0.00 4.00 game
0.00 0.00 2988496 0.00 0.00 subgame
0.00 0.00 2988496 0.00 4.00 sublog_f
0.00 19.00 2988496 0.00 0.00 subtimer
0.00 0.00 2988496 0.00 0.00 subnet
0.00 0.00 2988496 0.00 0.00 subconnector
23.00 10.00 2988496 0.00 0.00 sub0-M
23.00 5.00 2988496 0.00 0.00 sub1-B
19.00 5.00 2988496 0.00 0.00 sub2-B
27.00 5.00 2988496 0.00 0.00 sub3-B
4.00 1.00 2988496 0.00 0.00 subroi
101.00 39.00 2988388 0.00 0.00 game
1.00 0.00 2988388 0.00 0.00 subgame
0.00 0.00 2988388 0.00 0.00 sublog_f
0.00 19.00 2988388 0.00 0.00 subtimer
0.00 0.00 2988388 0.00 0.00 subnet
0.00 0.00 2988388 0.00 0.00 subconnector
28.00 5.00 2988388 0.00 0.00 sub0-M
19.00 5.00 2988388 0.00 0.00 sub1-B
24.00 5.00 2988388 0.00 0.00 sub2-B
25.00 5.00 2988388 0.00 0.00 sub3-B
3.00 0.00 2988388 0.00 0.00 subroi
90.00 38.00 2988576 0.00 8.00 game
1.00 0.00 2988576 0.00 0.00 subgame
0.00 0.00 2988576 0.00 8.00 sublog_f
1.00 18.00 2988576 0.00 0.00 subtimer
0.00 0.00 2988576 0.00 0.00 subnet
0.00 0.00 2988576 0.00 0.00 subconnector
13.00 5.00 2988576 0.00 0.00 sub0-M
26.00 5.00 2988576 0.00 0.00 sub1-B
28.00 5.00 2988576 0.00 0.00 sub2-B
21.00 5.00 2988576 0.00 0.00 sub3-B
3.00 0.00 2988576 0.00 0.00 subroi
107.00 38.00 2988472 0.00 0.00 game
0.00 0.00 2988472 0.00 0.00 subgame
0.00 0.00 2988472 0.00 0.00 sublog_f
0.00 19.00 2988472 0.00 0.00 subtimer
0.00 0.00 2988472 0.00 0.00 subnet
0.00 0.00 2988472 0.00 0.00 subconnector
38.00 5.00 2988472 0.00 0.00 sub0-M
23.00 4.00 2988472 0.00 0.00 sub1-B
21.00 5.00 2988472 0.00 0.00 sub2-B
20.00 5.00 2988472 0.00 0.00 sub3-B
3.00 0.00 2988472 0.00 0.00 subroi
98.02 43.56 2988336 0.00 0.00 game
0.99 0.00 2988336 0.00 0.00 subgame
0.00 0.00 2988336 0.00 0.00 sublog_f
0.00 18.81 2988336 0.00 0.00 subtimer
0.00 0.00 2988336 0.00 0.00 subnet
0.00 0.00 2988336 0.00 0.00 subconnector
21.78 9.90 2988336 0.00 0.00 sub0-M
25.74 4.95 2988336 0.00 0.00 sub1-B
20.79 4.95 2988336 0.00 0.00 sub2-B
25.74 3.96 2988336 0.00 0.00 sub3-B
3.96 0.99 2988336 0.00 0.00 subroi
104.00 46.00 2988256 0.00 4.00 game
1.00 0.00 2988256 0.00 0.00 subgame
0.00 0.00 2988256 0.00 4.00 sublog_f
0.00 20.00 2988256 0.00 0.00 subtimer
0.00 0.00 2988256 0.00 0.00 subnet
0.00 0.00 2988256 0.00 0.00 subconnector
29.00 10.00 2988256 0.00 0.00 sub0-M
22.00 5.00 2988256 0.00 0.00 sub1-B
23.00 5.00 2988256 0.00 0.00 sub2-B
26.00 5.00 2988256 0.00 0.00 sub3-B
3.00 1.00 2988256 0.00 0.00 subroi
76.00 51.00 2988424 0.00 8.00 game
1.00 0.00 2988424 0.00 0.00 subgame
0.00 0.00 2988424 0.00 8.00 sublog_f
0.00 19.00 2988424 0.00 0.00 subtimer
0.00 0.00 2988424 0.00 0.00 subnet
0.00 0.00 2988424 0.00 0.00 subconnector
7.00 15.00 2988424 0.00 0.00 sub0-M
18.00 5.00 2988424 0.00 0.00 sub1-B
24.00 5.00 2988424 0.00 0.00 sub2-B
22.00 5.00 2988424 0.00 0.00 sub3-B
4.00 2.00 2988424 0.00 0.00 subroi
113.00 51.00 2988320 0.00 0.00 game
0.00 0.00 2988320 0.00 0.00 subgame
0.00 0.00 2988320 0.00 0.00 sublog_f
1.00 19.00 2988320 0.00 0.00 subtimer
0.00 0.00 2988320 0.00 0.00 subnet
0.00 0.00 2988320 0.00 0.00 subconnector
39.00 15.00 2988320 0.00 0.00 sub0-M
23.00 5.00 2988320 0.00 0.00 sub1-B
26.00 5.00 2988320 0.00 0.00 sub2-B
19.00 5.00 2988320 0.00 0.00 sub3-B
4.00 2.00 2988320 0.00 0.00 subroi
84.00 37.00 2988504 0.00 4.00 game
1.00 0.00 2988504 0.00 0.00 subgame
0.00 0.00 2988504 0.00 4.00 sublog_f
0.00 17.00 2988504 0.00 0.00 subtimer
0.00 0.00 2988504 0.00 0.00 subnet
0.00 0.00 2988504 0.00 0.00 subconnector
8.00 5.00 2988504 0.00 0.00 sub0-M
26.00 5.00 2988504 0.00 0.00 sub1-B
21.00 5.00 2988504 0.00 0.00 sub2-B
26.00 5.00 2988504 0.00 0.00 sub3-B
3.00 0.00 2988504 0.00 0.00 subroi
119.00 34.00 2988440 0.00 4.00 game
1.00 0.00 2988440 0.00 0.00 subgame
0.00 0.00 2988440 0.00 4.00 sublog_f
0.00 19.00 2988440 0.00 0.00 subtimer
0.00 0.00 2988440 0.00 0.00 subnet
0.00 0.00 2988440 0.00 0.00 subconnector
42.00 0.00 2988440 0.00 0.00 sub0-M
26.00 5.00 2988440 0.00 0.00 sub1-B
20.00 5.00 2988440 0.00 0.00 sub2-B
26.00 5.00 2988440 0.00 0.00 sub3-B
4.00 0.00 2988440 0.00 0.00 subroi
80.00 48.00 2988420 0.00 4.00 game
1.00 0.00 2988420 0.00 0.00 subgame
0.00 0.00 2988420 0.00 4.00 sublog_f
1.00 18.00 2988420 0.00 0.00 subtimer
0.00 0.00 2988420 0.00 0.00 subnet
0.00 0.00 2988420 0.00 0.00 subconnector
5.00 15.00 2988420 0.00 0.00 sub0-M
22.00 5.00 2988420 0.00 0.00 sub1-B
25.00 5.00 2988420 0.00 0.00 sub2-B
24.00 5.00 2988420 0.00 0.00 sub3-B
3.00 0.00 2988420 0.00 0.00 subroi
111.00 42.00 2988340 0.00 0.00 game
0.00 0.00 2988340 0.00 0.00 subgame
0.00 0.00 2988340 0.00 0.00 sublog_f
0.00 22.00 2988340 0.00 0.00 subtimer
0.00 0.00 2988340 0.00 0.00 subnet
0.00 0.00 2988340 0.00 0.00 subconnector
40.00 5.00 2988340 0.00 0.00 sub0-M
20.00 5.00 2988340 0.00 0.00 sub1-B
25.00 5.00 2988340 0.00 0.00 sub2-B
21.00 5.00 2988340 0.00 0.00 sub3-B
3.00 0.00 2988340 0.00 0.00 subroi
84.00 41.00 2988424 0.00 4.00 game
1.00 0.00 2988424 0.00 0.00 subgame
0.00 0.00 2988424 0.00 4.00 sublog_f
0.00 16.00 2988424 0.00 0.00 subtimer
0.00 0.00 2988424 0.00 0.00 subnet
0.00 0.00 2988424 0.00 0.00 subconnector
10.00 10.00 2988424 0.00 0.00 sub0-M
24.00 5.00 2988424 0.00 0.00 sub1-B
23.00 5.00 2988424 0.00 0.00 sub2-B
23.00 4.00 2988424 0.00 0.00 sub3-B
3.00 1.00 2988424 0.00 0.00 subroi
107.00 40.00 2988648 0.00 4.00 game
1.00 0.00 2988648 0.00 0.00 subgame
0.00 0.00 2988648 0.00 4.00 sublog_f
1.00 20.00 2988648 0.00 0.00 subtimer
0.00 0.00 2988648 0.00 0.00 subnet
0.00 0.00 2988648 0.00 0.00 subconnector
33.00 5.00 2988648 0.00 0.00 sub0-M
26.00 5.00 2988648 0.00 0.00 sub1-B
19.00 5.00 2988648 0.00 0.00 sub2-B
25.00 5.00 2988648 0.00 0.00 sub3-B
4.00 0.00 2988648 0.00 0.00 subroi
84.00 43.00 2988572 0.00 0.00 game
0.00 0.00 2988572 0.00 0.00 subgame
0.00 0.00 2988572 0.00 0.00 sublog_f
0.00 17.00 2988572 0.00 0.00 subtimer
0.00 0.00 2988572 0.00 0.00 subnet
0.00 0.00 2988572 0.00 0.00 subconnector
9.00 10.00 2988572 0.00 0.00 sub0-M
22.00 5.00 2988572 0.00 0.00 sub1-B
24.00 5.00 2988572 0.00 0.00 sub2-B
24.00 5.00 2988572 0.00 0.00 sub3-B
3.00 1.00 2988572 0.00 0.00 subroi
112.00 37.00 2988504 0.00 4.00 game
1.00 0.00 2988504 0.00 0.00 subgame
0.00 0.00 2988504 0.00 4.00 sublog_f
0.00 23.00 2988504 0.00 0.00 subtimer
0.00 0.00 2988504 0.00 0.00 subnet
0.00 0.00 2988504 0.00 0.00 subconnector
36.00 0.00 2988504 0.00 0.00 sub0-M
24.00 5.00 2988504 0.00 0.00 sub1-B
25.00 4.00 2988504 0.00 0.00 sub2-B
23.00 5.00 2988504 0.00 0.00 sub3-B
3.00 0.00 2988504 0.00 0.00 subroi
84.00 43.00 2988668 0.00 4.00 game
1.00 0.00 2988668 0.00 0.00 subgame
0.00 0.00 2988668 0.00 4.00 sublog_f
0.00 17.00 2988668 0.00 0.00 subtimer
0.00 0.00 2988668 0.00 0.00 subnet
0.00 0.00 2988668 0.00 0.00 subconnector
15.00 10.00 2988668 0.00 0.00 sub0-M
19.00 5.00 2988668 0.00 0.00 sub1-B
26.00 5.00 2988668 0.00 0.00 sub2-B
20.00 5.00 2988668 0.00 0.00 sub3-B
3.00 1.00 2988668 0.00 0.00 subroi
107.00 57.00 2988456 0.00 4.00 game
1.00 0.00 2988456 0.00 0.00 subgame
0.00 0.00 2988456 0.00 4.00 sublog_f
0.00 19.00 2988456 0.00 0.00 subtimer
0.00 0.00 2988456 0.00 0.00 subnet
0.00 0.00 2988456 0.00 0.00 subconnector
34.00 19.00 2988456 0.00 0.00 sub0-M
25.00 5.00 2988456 0.00 0.00 sub1-B
21.00 5.00 2988456 0.00 0.00 sub2-B
23.00 5.00 2988456 0.00 0.00 sub3-B
4.00 4.00 2988456 0.00 0.00 subroi
86.00 43.00 2988376 0.00 4.00 game
0.00 0.00 2988376 0.00 0.00 subgame
0.00 0.00 2988376 0.00 4.00 sublog_f
1.00 18.00 2988376 0.00 0.00 subtimer
0.00 0.00 2988376 0.00 0.00 subnet
0.00 0.00 2988376 0.00 0.00 subconnector
10.00 10.00 2988376 0.00 0.00 sub0-M
26.00 4.00 2988376 0.00 0.00 sub1-B
19.00 5.00 2988376 0.00 0.00 sub2-B
26.00 5.00 2988376 0.00 0.00 sub3-B
4.00 1.00 2988376 0.00 0.00 subroi
110.00 45.00 2988232 0.00 0.00 game
1.00 0.00 2988232 0.00 0.00 subgame
0.00 0.00 2988232 0.00 0.00 sublog_f
0.00 20.00 2988232 0.00 0.00 subtimer
0.00 0.00 2988232 0.00 0.00 subnet
0.00 0.00 2988232 0.00 0.00 subconnector
31.00 9.00 2988232 0.00 0.00 sub0-M
23.00 5.00 2988232 0.00 0.00 sub1-B
28.00 5.00 2988232 0.00 0.00 sub2-B
24.00 5.00 2988232 0.00 0.00 sub3-B
4.00 1.00 2988232 0.00 0.00 subroi
112.00 45.00 2988376 0.00 8.00 game
1.00 0.00 2988376 0.00 0.00 subgame
0.00 0.00 2988376 0.00 8.00 sublog_f
0.00 18.00 2988376 0.00 0.00 subtimer
0.00 0.00 2988376 0.00 0.00 subnet
0.00 0.00 2988376 0.00 0.00 subconnector
35.00 10.00 2988376 0.00 0.00 sub0-M
23.00 5.00 2988376 0.00 0.00 sub1-B
26.00 5.00 2988376 0.00 0.00 sub2-B
22.00 5.00 2988376 0.00 0.00 sub3-B
4.00 2.00 2988376 0.00 0.00 subroi
89.00 38.00 2988316 0.00 0.00 game
1.00 0.00 2988316 0.00 0.00 subgame
0.00 0.00 2988316 0.00 0.00 sublog_f
0.00 18.00 2988316 0.00 0.00 subtimer
0.00 0.00 2988316 0.00 0.00 subnet
0.00 0.00 2988316 0.00 0.00 subconnector
22.00 5.00 2988316 0.00 0.00 sub0-M
22.00 5.00 2988316 0.00 0.00 sub1-B
23.00 5.00 2988316 0.00 0.00 sub2-B
20.00 5.00 2988316 0.00 0.00 sub3-B
3.00 0.00 2988316 0.00 0.00 subroi
89.00 38.00 2988560 0.00 0.00 game
0.00 0.00 2988560 0.00 0.00 subgame
0.00 0.00 2988560 0.00 0.00 sublog_f
0.00 18.00 2988560 0.00 0.00 subtimer
0.00 0.00 2988560 0.00 0.00 subnet
0.00 0.00 2988560 0.00 0.00 subconnector
14.00 5.00 2988560 0.00 0.00 sub0-M
26.00 5.00 2988560 0.00 0.00 sub1-B
18.00 5.00 2988560 0.00 0.00 sub2-B
25.00 5.00 2988560 0.00 0.00 sub3-B
3.00 0.00 2988560 0.00 0.00 subroi
112.00 44.00 2988440 0.00 8.00 game
1.00 0.00 2988440 0.00 0.00 subgame
0.00 0.00 2988440 0.00 8.00 sublog_f
0.00 19.00 2988440 0.00 0.00 subtimer
0.00 0.00 2988440 0.00 0.00 subnet
0.00 0.00 2988440 0.00 0.00 subconnector
34.00 10.00 2988440 0.00 0.00 sub0-M
24.00 5.00 2988440 0.00 0.00 sub1-B
26.00 4.00 2988440 0.00 0.00 sub2-B
26.00 5.00 2988440 0.00 0.00 sub3-B
3.00 1.00 2988440 0.00 0.00 subroi
104.00 45.00 2988348 0.00 0.00 game
1.00 0.00 2988348 0.00 0.00 subgame
0.00 0.00 2988348 0.00 0.00 sublog_f
0.00 19.00 2988348 0.00 0.00 subtimer
0.00 0.00 2988348 0.00 0.00 subnet
0.00 0.00 2988348 0.00 0.00 subconnector
27.00 10.00 2988348 0.00 0.00 sub0-M
24.00 5.00 2988348 0.00 0.00 sub1-B
26.00 5.00 2988348 0.00 0.00 sub2-B
22.00 5.00 2988348 0.00 0.00 sub3-B
4.00 1.00 2988348 0.00 0.00 subroi
90.00 41.00 2988536 0.00 4.00 game
0.00 0.00 2988536 0.00 0.00 subgame
0.00 0.00 2988536 0.00 4.00 sublog_f
1.00 20.00 2988536 0.00 0.00 subtimer
0.00 0.00 2988536 0.00 0.00 subnet
0.00 0.00 2988536 0.00 0.00 subconnector
23.00 5.00 2988536 0.00 0.00 sub0-M
19.00 5.00 2988536 0.00 0.00 sub1-B
23.00 5.00 2988536 0.00 0.00 sub2-B
19.00 5.00 2988536 0.00 0.00 sub3-B
3.00 1.00 2988536 0.00 0.00 subroi
96.00 48.00 2988376 0.00 4.00 game
1.00 0.00 2988376 0.00 0.00 subgame
0.00 0.00 2988376 0.00 4.00 sublog_f
0.00 17.00 2988376 0.00 0.00 subtimer
1.00 0.00 2988376 0.00 0.00 subnet
0.00 0.00 2988376 0.00 0.00 subconnector
23.00 15.00 2988376 0.00 0.00 sub0-M
27.00 5.00 2988376 0.00 0.00 sub1-B
20.00 4.00 2988376 0.00 0.00 sub2-B
23.00 5.00 2988376 0.00 0.00 sub3-B
3.00 2.00 2988376 0.00 0.00 subroi
100.00 39.00 2988328 0.00 4.00 game
1.00 0.00 2988328 0.00 0.00 subgame
0.00 0.00 2988328 0.00 4.00 sublog_f
1.00 19.00 2988328 0.00 0.00 subtimer
0.00 0.00 2988328 0.00 0.00 subnet
0.00 0.00 2988328 0.00 0.00 subconnector
23.00 5.00 2988328 0.00 0.00 sub0-M
25.00 5.00 2988328 0.00 0.00 sub1-B
23.00 5.00 2988328 0.00 0.00 sub2-B
25.00 5.00 2988328 0.00 0.00 sub3-B
4.00 0.00 2988328 0.00 0.00 subroi
99.00 50.00 2988456 0.00 0.00 game
0.00 0.00 2988456 0.00 0.00 subgame
0.00 0.00 2988456 0.00 0.00 sublog_f
0.00 18.00 2988456 0.00 0.00 subtimer
0.00 0.00 2988456 0.00 0.00 subnet
0.00 0.00 2988456 0.00 0.00 subconnector
21.00 15.00 2988456 0.00 0.00 sub0-M
23.00 5.00 2988456 0.00 0.00 sub1-B
26.00 5.00 2988456 0.00 0.00 sub2-B
25.00 5.00 2988456 0.00 0.00 sub3-B
2.00 2.00 2988456 0.00 0.00 subroi
100.00 40.00 2988644 0.00 4.00 game
1.00 0.00 2988644 0.00 0.00 subgame
0.00 0.00 2988644 0.00 4.00 sublog_f
0.00 20.00 2988644 0.00 0.00 subtimer
0.00 0.00 2988644 0.00 0.00 subnet
0.00 0.00 2988644 0.00 0.00 subconnector
27.00 5.00 2988644 0.00 0.00 sub0-M
23.00 5.00 2988644 0.00 0.00 sub1-B
24.00 5.00 2988644 0.00 0.00 sub2-B
22.00 5.00 2988644 0.00 0.00 sub3-B
4.00 0.00 2988644 0.00 0.00 subroi
88.00 43.00 2988544 0.00 0.00 game
1.00 0.00 2988544 0.00 0.00 subgame
0.00 0.00 2988544 0.00 0.00 sublog_f
0.00 17.00 2988544 0.00 0.00 subtimer
0.00 0.00 2988544 0.00 0.00 subnet
0.00 0.00 2988544 0.00 0.00 subconnector
23.00 10.00 2988544 0.00 0.00 sub0-M
20.00 5.00 2988544 0.00 0.00 sub1-B
21.00 5.00 2988544 0.00 0.00 sub2-B
19.00 5.00 2988544 0.00 0.00 sub3-B
3.00 1.00 2988544 0.00 0.00 subroi
95.00 39.00 2988484 0.00 4.00 game
0.00 0.00 2988484 0.00 0.00 subgame
0.00 0.00 2988484 0.00 4.00 sublog_f
0.00 19.00 2988484 0.00 0.00 subtimer
0.00 0.00 2988484 0.00 0.00 subnet
0.00 0.00 2988484 0.00 0.00 subconnector
20.00 5.00 2988484 0.00 0.00 sub0-M
26.00 5.00 2988484 0.00 0.00 sub1-B
22.00 5.00 2988484 0.00 0.00 sub2-B
24.00 5.00 2988484 0.00 0.00 sub3-B
3.00 0.00 2988484 0.00 0.00 subroi
97.00 298.00 2989480 0.00 4.00 game
1.00 0.00 2989480 0.00 0.00 subgame
0.00 0.00 2989480 0.00 4.00 sublog_f
0.00 17.00 2989480 0.00 0.00 subtimer
0.00 0.00 2989480 0.00 0.00 subnet
0.00 0.00 2989480 0.00 0.00 subconnector
17.00 266.00 2989480 0.00 0.00 sub0-M
24.00 5.00 2989480 0.00 0.00 sub1-B
24.00 5.00 2989480 0.00 0.00 sub2-B
26.00 5.00 2989480 0.00 0.00 sub3-B
3.00 0.00 2989480 0.00 0.00 subroi
92.00 39.00 2989380 0.00 0.00 game
1.00 0.00 2989380 0.00 0.00 subgame
0.00 0.00 2989380 0.00 0.00 sublog_f
0.00 20.00 2989380 0.00 0.00 subtimer
0.00 0.00 2989380 0.00 0.00 subnet
0.00 0.00 2989380 0.00 0.00 subconnector
17.00 4.00 2989380 0.00 0.00 sub0-M
20.00 5.00 2989380 0.00 0.00 sub1-B
26.00 5.00 2989380 0.00 0.00 sub2-B
24.00 5.00 2989380 0.00 0.00 sub3-B
3.00 0.00 2989380 0.00 0.00 subroi
92.00 50.00 2989304 0.00 4.00 game
1.00 0.00 2989304 0.00 0.00 subgame
0.00 0.00 2989304 0.00 4.00 sublog_f
0.00 18.00 2989304 0.00 0.00 subtimer
0.00 0.00 2989304 0.00 0.00 subnet
0.00 0.00 2989304 0.00 0.00 subconnector
21.00 15.00 2989304 0.00 0.00 sub0-M
21.00 5.00 2989304 0.00 0.00 sub1-B
23.00 5.00 2989304 0.00 0.00 sub2-B
21.00 5.00 2989304 0.00 0.00 sub3-B
4.00 2.00 2989304 0.00 0.00 subroi
89.00 40.00 2989476 0.00 4.00 game
0.00 0.00 2989476 0.00 0.00 subgame
0.00 0.00 2989476 0.00 4.00 sublog_f
2.00 20.00 2989476 0.00 0.00 subtimer
0.00 0.00 2989476 0.00 0.00 subnet
0.00 0.00 2989476 0.00 0.00 subconnector
17.00 5.00 2989476 0.00 0.00 sub0-M
26.00 5.00 2989476 0.00 0.00 sub1-B
23.00 5.00 2989476 0.00 0.00 sub2-B
20.00 5.00 2989476 0.00 0.00 sub3-B
3.00 0.00 2989476 0.00 0.00 subroi
104.00 62.00 2989424 0.00 4.00 game
1.00 0.00 2989424 0.00 0.00 subgame
0.00 0.00 2989424 0.00 4.00 sublog_f
0.00 18.00 2989424 0.00 0.00 subtimer
0.00 0.00 2989424 0.00 0.00 subnet
0.00 0.00 2989424 0.00 0.00 subconnector
28.00 24.00 2989424 0.00 0.00 sub0-M
24.00 5.00 2989424 0.00 0.00 sub1-B
21.00 5.00 2989424 0.00 0.00 sub2-B
27.00 5.00 2989424 0.00 0.00 sub3-B
5.00 5.00 2989424 0.00 0.00 subroi
101.00 41.00 2989080 0.00 8.00 game
1.00 0.00 2989080 0.00 0.00 subgame
0.00 0.00 2989080 0.00 8.00 sublog_f
0.00 20.00 2989080 0.00 0.00 subtimer
0.00 0.00 2989080 0.00 0.00 subnet
0.00 0.00 2989080 0.00 0.00 subconnector
20.00 5.00 2989080 0.00 0.00 sub0-M
24.00 5.00 2989080 0.00 0.00 sub1-B
25.00 5.00 2989080 0.00 0.00 sub2-B
26.00 5.00 2989080 0.00 0.00 sub3-B
4.00 1.00 2989080 0.00 0.00 subroi
88.00 38.00 2989004 0.00 0.00 game
0.00 0.00 2989004 0.00 0.00 subgame
0.00 0.00 2989004 0.00 0.00 sublog_f
0.00 19.00 2989004 0.00 0.00 subtimer
0.00 0.00 2989004 0.00 0.00 subnet
0.00 0.00 2989004 0.00 0.00 subconnector
18.00 5.00 2989004 0.00 0.00 sub0-M
19.00 5.00 2989004 0.00 0.00 sub1-B
25.00 4.00 2989004 0.00 0.00 sub2-B
22.00 5.00 2989004 0.00 0.00 sub3-B
4.00 0.00 2989004 0.00 0.00 subroi
100.00 59.00 2988672 0.00 24.00 game
1.00 0.00 2988672 0.00 0.00 subgame
0.00 0.00 2988672 0.00 24.00 sublog_f
0.00 21.00 2988672 0.00 0.00 subtimer
0.00 0.00 2988672 0.00 0.00 subnet
0.00 0.00 2988672 0.00 0.00 subconnector
30.00 20.00 2988672 0.00 0.00 sub0-M
24.00 5.00 2988672 0.00 0.00 sub1-B
22.00 5.00 2988672 0.00 0.00 sub2-B
19.00 5.00 2988672 0.00 0.00 sub3-B
4.00 3.00 2988672 0.00 0.00 subroi
84.00 37.00 2988532 0.00 0.00 game
1.00 0.00 2988532 0.00 0.00 subgame
0.00 0.00 2988532 0.00 0.00 sublog_f
0.00 17.00 2988532 0.00 0.00 subtimer
0.00 0.00 2988532 0.00 0.00 subnet
0.00 0.00 2988532 0.00 0.00 subconnector
12.00 5.00 2988532 0.00 0.00 sub0-M
26.00 5.00 2988532 0.00 0.00 sub1-B
19.00 5.00 2988532 0.00 0.00 sub2-B
23.00 5.00 2988532 0.00 0.00 sub3-B
4.00 0.00 2988532 0.00 0.00 subroi
115.00 57.00 2988376 0.00 4.00 game
0.00 0.00 2988376 0.00 0.00 subgame
0.00 0.00 2988376 0.00 4.00 sublog_f
0.00 19.00 2988376 0.00 0.00 subtimer
0.00 0.00 2988376 0.00 0.00 subnet
0.00 0.00 2988376 0.00 0.00 subconnector
32.00 19.00 2988376 0.00 0.00 sub0-M
27.00 5.00 2988376 0.00 0.00 sub1-B
24.00 5.00 2988376 0.00 0.00 sub2-B
26.00 5.00 2988376 0.00 0.00 sub3-B
4.00 4.00 2988376 0.00 0.00 subroi
93.00 51.00 2988540 0.00 4.00 game
2.00 0.00 2988540 0.00 0.00 subgame
0.00 0.00 2988540 0.00 4.00 sublog_f
0.00 19.00 2988540 0.00 0.00 subtimer
0.00 0.00 2988540 0.00 0.00 subnet
0.00 0.00 2988540 0.00 0.00 subconnector
17.00 15.00 2988540 0.00 0.00 sub0-M
19.00 5.00 2988540 0.00 0.00 sub1-B
29.00 5.00 2988540 0.00 0.00 sub2-B
24.00 5.00 2988540 0.00 0.00 sub3-B
4.00 2.00 2988540 0.00 0.00 subroi
86.00 59.00 2988644 0.00 4.00 game
0.00 0.00 2988644 0.00 0.00 subgame
1.00 0.00 2988644 0.00 4.00 sublog_f
1.00 20.00 2988644 0.00 0.00 subtimer
0.00 0.00 2988644 0.00 0.00 subnet
0.00 0.00 2988644 0.00 0.00 subconnector
21.00 20.00 2988644 0.00 0.00 sub0-M
20.00 5.00 2988644 0.00 0.00 sub1-B
20.00 5.00 2988644 0.00 0.00 sub2-B
20.00 5.00 2988644 0.00 0.00 sub3-B
5.00 4.00 2988644 0.00 0.00 subroi
87.00 37.00 2988604 0.00 4.00 game
1.00 0.00 2988604 0.00 0.00 subgame
0.00 0.00 2988604 0.00 4.00 sublog_f
0.00 17.00 2988604 0.00 0.00 subtimer
0.00 0.00 2988604 0.00 0.00 subnet
0.00 0.00 2988604 0.00 0.00 subconnector
14.00 5.00 2988604 0.00 0.00 sub0-M
25.00 5.00 2988604 0.00 0.00 sub1-B
19.00 5.00 2988604 0.00 0.00 sub2-B
23.00 5.00 2988604 0.00 0.00 sub3-B
4.00 0.00 2988604 0.00 0.00 subroi
111.00 62.00 2988320 0.00 4.00 game
1.00 0.00 2988320 0.00 0.00 subgame
0.00 0.00 2988320 0.00 4.00 sublog_f
0.00 18.00 2988320 0.00 0.00 subtimer
0.00 0.00 2988320 0.00 0.00 subnet
0.00 0.00 2988320 0.00 0.00 subconnector
30.00 25.00 2988320 0.00 0.00 sub0-M
26.00 5.00 2988320 0.00 0.00 sub1-B
24.00 5.00 2988320 0.00 0.00 sub2-B
25.00 5.00 2988320 0.00 0.00 sub3-B
4.00 4.00 2988320 0.00 0.00 subroi
99.00 62.00 2988168 0.00 4.00 game
0.00 0.00 2988168 0.00 0.00 subgame
0.00 0.00 2988168 0.00 4.00 sublog_f
1.00 19.00 2988168 0.00 0.00 subtimer
0.00 0.00 2988168 0.00 0.00 subnet
0.00 0.00 2988168 0.00 0.00 subconnector
23.00 25.00 2988168 0.00 0.00 sub0-M
22.00 4.00 2988168 0.00 0.00 sub1-B
24.00 5.00 2988168 0.00 0.00 sub2-B
25.00 5.00 2988168 0.00 0.00 sub3-B
4.00 4.00 2988168 0.00 0.00 subroi
82.00 56.00 2988292 0.00 4.00 game
1.00 0.00 2988292 0.00 0.00 subgame
0.00 0.00 2988292 0.00 4.00 sublog_f
0.00 19.00 2988292 0.00 0.00 subtimer
0.00 0.00 2988292 0.00 0.00 subnet
0.00 0.00 2988292 0.00 0.00 subconnector
11.00 19.00 2988292 0.00 0.00 sub0-M
20.00 5.00 2988292 0.00 0.00 sub1-B
24.00 5.00 2988292 0.00 0.00 sub2-B
22.00 5.00 2988292 0.00 0.00 sub3-B
5.00 3.00 2988292 0.00 0.00 subroi
100.00 52.00 2988516 0.00 4.00 game
0.00 0.00 2988516 0.00 0.00 subgame
0.00 0.00 2988516 0.00 4.00 sublog_f
0.00 20.00 2988516 0.00 0.00 subtimer
0.00 0.00 2988516 0.00 0.00 subnet
0.00 0.00 2988516 0.00 0.00 subconnector
30.00 15.00 2988516 0.00 0.00 sub0-M
23.00 5.00 2988516 0.00 0.00 sub1-B
22.00 5.00 2988516 0.00 0.00 sub2-B
20.00 5.00 2988516 0.00 0.00 sub3-B
4.00 2.00 2988516 0.00 0.00 subroi
94.00 56.00 2988408 0.00 4.00 game
2.00 0.00 2988408 0.00 0.00 subgame
0.00 0.00 2988408 0.00 4.00 sublog_f
0.00 19.00 2988408 0.00 0.00 subtimer
0.00 0.00 2988408 0.00 0.00 subnet
0.00 0.00 2988408 0.00 0.00 subconnector
19.00 20.00 2988408 0.00 0.00 sub0-M
25.00 5.00 2988408 0.00 0.00 sub1-B
20.00 4.00 2988408 0.00 0.00 sub2-B
23.00 5.00 2988408 0.00 0.00 sub3-B
4.00 3.00 2988408 0.00 0.00 subroi
104.00 53.00 2988452 0.00 4.00 game
0.00 0.00 2988452 0.00 0.00 subgame
0.00 0.00 2988452 0.00 4.00 sublog_f
0.00 20.00 2988452 0.00 0.00 subtimer
0.00 0.00 2988452 0.00 0.00 subnet
0.00 0.00 2988452 0.00 0.00 subconnector
24.00 15.00 2988452 0.00 0.00 sub0-M
26.00 5.00 2988452 0.00 0.00 sub1-B
24.00 5.00 2988452 0.00 0.00 sub2-B
26.00 5.00 2988452 0.00 0.00 sub3-B
4.00 3.00 2988452 0.00 0.00 subroi
105.00 75.00 2988288 0.00 8.00 game
1.00 0.00 2988288 0.00 0.00 subgame
0.00 0.00 2988288 0.00 8.00 sublog_f
1.00 19.00 2988288 0.00 0.00 subtimer
0.00 0.00 2988288 0.00 0.00 subnet
0.00 0.00 2988288 0.00 0.00 subconnector
28.00 35.00 2988288 0.00 0.00 sub0-M
22.00 5.00 2988288 0.00 0.00 sub1-B
26.00 5.00 2988288 0.00 0.00 sub2-B
23.00 5.00 2988288 0.00 0.00 sub3-B
6.00 6.00 2988288 0.00 0.00 subroi
90.00 62.00 2988652 0.00 4.00 game
1.00 0.00 2988652 0.00 0.00 subgame
0.00 0.00 2988652 0.00 4.00 sublog_f
0.00 18.00 2988652 0.00 0.00 subtimer
0.00 0.00 2988652 0.00 0.00 subnet
0.00 0.00 2988652 0.00 0.00 subconnector
22.00 25.00 2988652 0.00 0.00 sub0-M
20.00 5.00 2988652 0.00 0.00 sub1-B
23.00 5.00 2988652 0.00 0.00 sub2-B
21.00 5.00 2988652 0.00 0.00 sub3-B
4.00 4.00 2988652 0.00 0.00 subroi
94.00 50.00 2988488 0.00 0.00 game
0.00 0.00 2988488 0.00 0.00 subgame
0.00 0.00 2988488 0.00 0.00 sublog_f
0.00 19.00 2988488 0.00 0.00 subtimer
0.00 0.00 2988488 0.00 0.00 subnet
0.00 0.00 2988488 0.00 0.00 subconnector
20.00 14.00 2988488 0.00 0.00 sub0-M
25.00 5.00 2988488 0.00 0.00 sub1-B
21.00 5.00 2988488 0.00 0.00 sub2-B
22.00 5.00 2988488 0.00 0.00 sub3-B
4.00 2.00 2988488 0.00 0.00 subroi
97.00 55.00 2988352 0.00 8.00 game
1.00 0.00 2988352 0.00 0.00 subgame
0.00 0.00 2988352 0.00 8.00 sublog_f
0.00 19.00 2988352 0.00 0.00 subtimer
0.00 0.00 2988352 0.00 0.00 subnet
0.00 0.00 2988352 0.00 0.00 subconnector
20.00 19.00 2988352 0.00 0.00 sub0-M
26.00 5.00 2988352 0.00 0.00 sub1-B
21.00 5.00 2988352 0.00 0.00 sub2-B
25.00 5.00 2988352 0.00 0.00 sub3-B
4.00 2.00 2988352 0.00 0.00 subroi
94.00 69.00 2988456 0.00 4.00 game
1.00 0.00 2988456 0.00 0.00 subgame
0.00 0.00 2988456 0.00 4.00 sublog_f
0.00 19.00 2988456 0.00 0.00 subtimer
0.00 0.00 2988456 0.00 0.00 subnet
0.00 0.00 2988456 0.00 0.00 subconnector
16.00 30.00 2988456 0.00 0.00 sub0-M
21.00 5.00 2988456 0.00 0.00 sub1-B
26.00 5.00 2988456 0.00 0.00 sub2-B
24.00 5.00 2988456 0.00 0.00 sub3-B
5.00 5.00 2988456 0.00 0.00 subroi
93.07 57.43 2988332 0.00 3.96 game
0.99 0.00 2988332 0.00 0.00 subgame
0.00 0.00 2988332 0.00 3.96 sublog_f
0.99 19.80 2988332 0.00 0.00 subtimer
0.00 0.00 2988332 0.00 0.00 subnet
0.00 0.00 2988332 0.00 0.00 subconnector
21.78 19.80 2988332 0.00 0.00 sub0-M
20.79 4.95 2988332 0.00 0.00 sub1-B
24.75 4.95 2988332 0.00 0.00 sub2-B
22.77 4.95 2988332 0.00 0.00 sub3-B
3.96 2.97 2988332 0.00 0.00 subroi
94.00 64.00 2988188 0.00 8.00 game
0.00 0.00 2988188 0.00 0.00 subgame
0.00 0.00 2988188 0.00 8.00 sublog_f
0.00 18.00 2988188 0.00 0.00 subtimer
0.00 0.00 2988188 0.00 0.00 subnet
0.00 0.00 2988188 0.00 0.00 subconnector
22.00 25.00 2988188 0.00 0.00 sub0-M
24.00 5.00 2988188 0.00 0.00 sub1-B
23.00 5.00 2988188 0.00 0.00 sub2-B
20.00 5.00 2988188 0.00 0.00 sub3-B
4.00 6.00 2988188 0.00 0.00 subroi
103.00 68.00 2988460 0.00 0.00 game
1.00 0.00 2988460 0.00 0.00 subgame
0.00 0.00 2988460 0.00 0.00 sublog_f
0.00 20.00 2988460 0.00 0.00 subtimer
0.00 0.00 2988460 0.00 0.00 subnet
0.00 0.00 2988460 0.00 0.00 subconnector
27.00 29.00 2988460 0.00 0.00 sub0-M
26.00 4.00 2988460 0.00 0.00 sub1-B
20.00 4.00 2988460 0.00 0.00 sub2-B
24.00 5.00 2988460 0.00 0.00 sub3-B
5.00 6.00 2988460 0.00 0.00 subroi
98.00 56.00 2988340 0.00 4.00 game
1.00 0.00 2988340 0.00 0.00 subgame
0.00 0.00 2988340 0.00 4.00 sublog_f
0.00 19.00 2988340 0.00 0.00 subtimer
0.00 0.00 2988340 0.00 0.00 subnet
0.00 0.00 2988340 0.00 0.00 subconnector
21.00 19.00 2988340 0.00 0.00 sub0-M
23.00 5.00 2988340 0.00 0.00 sub1-B
22.00 5.00 2988340 0.00 0.00 sub2-B
27.00 5.00 2988340 0.00 0.00 sub3-B
3.00 3.00 2988340 0.00 0.00 subroi
107.00 81.00 2988380 0.00 8.00 game
0.00 0.00 2988380 0.00 0.00 subgame
0.00 0.00 2988380 0.00 8.00 sublog_f
0.00 19.00 2988380 0.00 0.00 subtimer
0.00 0.00 2988380 0.00 0.00 subnet
0.00 0.00 2988380 0.00 0.00 subconnector
30.00 40.00 2988380 0.00 0.00 sub0-M
22.00 5.00 2988380 0.00 0.00 sub1-B
26.00 5.00 2988380 0.00 0.00 sub2-B
22.00 5.00 2988380 0.00 0.00 sub3-B
5.00 7.00 2988380 0.00 0.00 subroi
96.00 86.00 2988408 0.00 8.00 game
1.00 0.00 2988408 0.00 0.00 subgame
0.00 0.00 2988408 0.00 8.00 sublog_f
1.00 18.00 2988408 0.00 0.00 subtimer
0.00 0.00 2988408 0.00 0.00 subnet
0.00 0.00 2988408 0.00 0.00 subconnector
22.00 44.00 2988408 0.00 0.00 sub0-M
22.00 5.00 2988408 0.00 0.00 sub1-B
24.00 5.00 2988408 0.00 0.00 sub2-B
23.00 5.00 2988408 0.00 0.00 sub3-B
4.00 9.00 2988408 0.00 0.00 subroi
102.00 57.00 2988492 0.00 8.00 game
1.00 0.00 2988492 0.00 0.00 subgame
0.00 0.00 2988492 0.00 8.00 sublog_f
0.00 18.00 2988492 0.00 0.00 subtimer
0.00 0.00 2988492 0.00 0.00 subnet
0.00 0.00 2988492 0.00 0.00 subconnector
27.00 20.00 2988492 0.00 0.00 sub0-M
25.00 5.00 2988492 0.00 0.00 sub1-B
22.00 5.00 2988492 0.00 0.00 sub2-B
22.00 5.00 2988492 0.00 0.00 sub3-B
6.00 4.00 2988492 0.00 0.00 subroi
95.00 56.00 2988392 0.00 0.00 game
0.00 0.00 2988392 0.00 0.00 subgame
0.00 0.00 2988392 0.00 0.00 sublog_f
1.00 18.00 2988392 0.00 0.00 subtimer
0.00 0.00 2988392 0.00 0.00 subnet
0.00 0.00 2988392 0.00 0.00 subconnector
19.00 20.00 2988392 0.00 0.00 sub0-M
25.00 5.00 2988392 0.00 0.00 sub1-B
20.00 5.00 2988392 0.00 0.00 sub2-B
25.00 5.00 2988392 0.00 0.00 sub3-B
4.00 3.00 2988392 0.00 0.00 subroi
99.00 63.00 2988212 0.00 4.00 game
1.00 0.00 2988212 0.00 0.00 subgame
0.00 0.00 2988212 0.00 4.00 sublog_f
0.00 19.00 2988212 0.00 0.00 subtimer
0.00 0.00 2988212 0.00 0.00 subnet
0.00 0.00 2988212 0.00 0.00 subconnector
22.00 25.00 2988212 0.00 0.00 sub0-M
22.00 5.00 2988212 0.00 0.00 sub1-B
26.00 5.00 2988212 0.00 0.00 sub2-B
24.00 5.00 2988212 0.00 0.00 sub3-B
4.00 4.00 2988212 0.00 0.00 subroi
93.00 68.00 2988316 0.00 8.00 game
0.00 0.00 2988316 0.00 0.00 subgame
0.00 0.00 2988316 0.00 8.00 sublog_f
0.00 18.00 2988316 0.00 0.00 subtimer
0.00 0.00 2988316 0.00 0.00 subnet
0.00 0.00 2988316 0.00 0.00 subconnector
20.00 30.00 2988316 0.00 0.00 sub0-M
22.00 5.00 2988316 0.00 0.00 sub1-B
24.00 5.00 2988316 0.00 0.00 sub2-B
21.00 5.00 2988316 0.00 0.00 sub3-B
5.00 5.00 2988316 0.00 0.00 subroi
98.00 80.00 2988360 0.00 4.00 game
1.00 0.00 2988360 0.00 0.00 subgame
0.00 0.00 2988360 0.00 4.00 sublog_f
0.00 18.00 2988360 0.00 0.00 subtimer
0.00 0.00 2988360 0.00 0.00 subnet
0.00 0.00 2988360 0.00 0.00 subconnector
25.00 40.00 2988360 0.00 0.00 sub0-M
25.00 5.00 2988360 0.00 0.00 sub1-B
23.00 5.00 2988360 0.00 0.00 sub2-B
21.00 5.00 2988360 0.00 0.00 sub3-B
4.00 7.00 2988360 0.00 0.00 subroi
102.00 63.00 2988428 0.00 8.00 game
1.00 0.00 2988428 0.00 0.00 subgame
0.00 0.00 2988428 0.00 8.00 sublog_f
0.00 20.00 2988428 0.00 0.00 subtimer
0.00 0.00 2988428 0.00 0.00 subnet
0.00 0.00 2988428 0.00 0.00 subconnector
25.00 25.00 2988428 0.00 0.00 sub0-M
25.00 4.00 2988428 0.00 0.00 sub1-B
20.00 5.00 2988428 0.00 0.00 sub2-B
26.00 5.00 2988428 0.00 0.00 sub3-B
5.00 4.00 2988428 0.00 0.00 subroi
103.00 58.00 2988272 0.00 4.00 game
1.00 0.00 2988272 0.00 0.00 subgame
0.00 0.00 2988272 0.00 4.00 sublog_f
0.00 19.00 2988272 0.00 0.00 subtimer
0.00 0.00 2988272 0.00 0.00 subnet
0.00 0.00 2988272 0.00 0.00 subconnector
27.00 20.00 2988272 0.00 0.00 sub0-M
23.00 5.00 2988272 0.00 0.00 sub1-B
24.00 5.00 2988272 0.00 0.00 sub2-B
24.00 5.00 2988272 0.00 0.00 sub3-B
4.00 4.00 2988272 0.00 0.00 subroi
99.00 69.00 2988092 0.00 4.00 game
0.00 0.00 2988092 0.00 0.00 subgame
0.00 0.00 2988092 0.00 4.00 sublog_f
0.00 19.00 2988092 0.00 0.00 subtimer
0.00 0.00 2988092 0.00 0.00 subnet
0.00 0.00 2988092 0.00 0.00 subconnector
26.00 29.00 2988092 0.00 0.00 sub0-M
20.00 5.00 2988092 0.00 0.00 sub1-B
25.00 5.00 2988092 0.00 0.00 sub2-B
23.00 5.00 2988092 0.00 0.00 sub3-B
4.00 6.00 2988092 0.00 0.00 subroi
94.00 76.00 2988200 0.00 8.00 game
1.00 0.00 2988200 0.00 0.00 subgame
0.00 0.00 2988200 0.00 8.00 sublog_f
1.00 17.00 2988200 0.00 0.00 subtimer
0.00 0.00 2988200 0.00 0.00 subnet
0.00 0.00 2988200 0.00 0.00 subconnector
23.00 40.00 2988200 0.00 0.00 sub0-M
23.00 5.00 2988200 0.00 0.00 sub1-B
24.00 5.00 2988200 0.00 0.00 sub2-B
20.00 5.00 2988200 0.00 0.00 sub3-B
4.00 4.00 2988200 0.00 0.00 subroi
